<?xml version="1.0" encoding="UTF-8"?>
<!-- Generated by org.testng.reporters.JUnitXMLReporter -->
<testsuite ignored="0" hostname="Asads-MacBook-Air.local" failures="0" tests="9" name="Test" time="140.99" errors="0" timestamp="2022-12-04T11:33:25 CST">
  <testcase classname="EcommerceProjectReport.EcommerceProjectExtentReport.Test1" name="TestCse1" time="12.455"/>
  <testcase classname="EcommerceProjectReport.EcommerceProjectExtentReport.Test2" name="TestCae2" time="9.461"/>
  <testcase classname="EcommerceProjectReport.EcommerceProjectExtentReport.Test3" name="TestCase3" time="12.414"/>
  <testcase classname="EcommerceProjectReport.EcommerceProjectExtentReport.Test4" name="TestCase4" time="10.818"/>
  <testcase classname="EcommerceProjectReport.EcommerceProjectExtentReport.Test5" name="TestCase5" time="14.257"/>
  <testcase classname="EcommerceProjectReport.EcommerceProjectExtentReport.Test6" name="TestCase6" time="25.367"/>
  <testcase classname="EcommerceProjectReport.EcommerceProjectExtentReport.Test7" name="TestCse7" time="15.189"/>
  <testcase classname="EcommerceProjectReport.EcommerceProjectExtentReport.Test8" name="TestCse8" time="28.131"/>
  <testcase classname="EcommerceProjectReport.EcommerceProjectExtentReport.Test9" name="TestCase9" time="12.791"/>
</testsuite> <!-- Test -->
